0 info it worked if it ends with ok
1 verbose cli [ '/usr/local/bin/node',
1 verbose cli   '/usr/local/bin/npm',
1 verbose cli   'version',
1 verbose cli   'patch' ]
2 info using npm@2.11.3
3 info using node@v0.12.7
4 info preversion react-select-dropdown@1.0.2
5 info git [ 'status', '--porcelain' ]
6 verbose stack Error: Error: Git working directory not clean.
6 verbose stack D npm-debug.log
6 verbose stack M package.json
6 verbose stack D src/components/ReactSelectDropdownApp.js
6 verbose stack D src/components/index.js
6 verbose stack D src/components/main.js
6 verbose stack M test/spec/components/ReactSelectDropdownApp.js
6 verbose stack     at /usr/local/lib/node_modules/npm/lib/version.js:71:23
6 verbose stack     at /usr/local/lib/node_modules/npm/lib/version.js:151:34
6 verbose stack     at ChildProcess.exithandler (child_process.js:742:7)
6 verbose stack     at ChildProcess.emit (events.js:110:17)
6 verbose stack     at maybeClose (child_process.js:1015:16)
6 verbose stack     at Socket.<anonymous> (child_process.js:1183:11)
6 verbose stack     at Socket.emit (events.js:107:17)
6 verbose stack     at Pipe.close (net.js:485:12)
7 verbose cwd /home/bhargav/Downloads/Bhargav/react-select-dropdown
8 error Linux 3.16.0-31-generic
9 error argv "/usr/local/bin/node" "/usr/local/bin/npm" "version" "patch"
10 error node v0.12.7
11 error npm  v2.11.3
12 error Error: Git working directory not clean.
12 error D npm-debug.log
12 error M package.json
12 error D src/components/ReactSelectDropdownApp.js
12 error D src/components/index.js
12 error D src/components/main.js
12 error M test/spec/components/ReactSelectDropdownApp.js
13 error If you need help, you may report this error at:
13 error     <https://github.com/npm/npm/issues>
14 verbose exit [ 1, true ]
